<?xml version="1.0" encoding="UTF-8"?>
<!-- Generated by org.testng.reporters.JUnitReportReporter -->
<testsuite hostname="INMAARADHMEIA2P" failures="0" tests="1" name="loanapplications.PersonalLoanApplicationTests" time="0.002" errors="0" timestamp="2022-09-27T12:16:47 IST" skipped="0">
  <testcase classname="loanapplications.PersonalLoanApplicationTests" name="PersonalLoanLoginAPI" time="0.002"/>
  <system-out/>
</testsuite> <!-- loanapplications.PersonalLoanApplicationTests -->
