<?xml version="1.0" encoding="UTF-8"?>
<!-- Generated by org.testng.reporters.JUnitReportReporter -->
<testsuite hostname="INMAARADHMEIA2P" failures="0" tests="1" name="loanapplications.HomeLoanApplicationTests" time="0.011" errors="0" timestamp="2022-09-27T11:53:23 IST" skipped="0">
  <testcase classname="loanapplications.HomeLoanApplicationTests" name="HomeLoanLoginAPI" time="0.011"/>
  <system-out/>
</testsuite> <!-- loanapplications.HomeLoanApplicationTests -->
